[35m[1mScanning dependencies of target ualberta.xml-v2.0[0m
[35m[1mScanning dependencies of target ualberta.xml-v1.0[0m
[35m[1mScanning dependencies of target cubepilot.xml-v2.0[0m
[35m[1mScanning dependencies of target paparazzi.xml-v2.0[0m
[35m[1mScanning dependencies of target icarous.xml-v1.0[0m
[35m[1mScanning dependencies of target csAirLink.xml-v1.0[0m
[35m[1mScanning dependencies of target uAvionix.xml-v1.0[0m
[35m[1mScanning dependencies of target storm32.xml-v1.0[0m
[  6%] [34m[1mGenerating include/v1.0/uAvionix/uAvionix.h[0m
[ 10%] [34m[1mGenerating ualberta-v2.0-cxx-stamp[0m
[  6%] [34m[1mGenerating include/v1.0/icarous/icarous.h[0m
[ 13%] [34m[1mGenerating include/v1.0/csAirLink/csAirLink.h[0m
[ 16%] [34m[1mGenerating cubepilot-v2.0-cxx-stamp[0m
[ 20%] [34m[1mGenerating include/v1.0/ualberta/ualberta.h[0m
[ 26%] [34m[1mGenerating include/v1.0/storm32/storm32.h[0m
[ 26%] [34m[1mGenerating paparazzi-v2.0-cxx-stamp[0m
Validating /home/ubuntu/catkin_ws/src/mavlink/message_definitions/v1.0/storm32.xml
Validating /home/ubuntu/catkin_ws/src/mavlink/message_definitions/v1.0/icarous.xml
Validating /home/ubuntu/catkin_ws/src/mavlink/message_definitions/v1.0/cubepilot.xml
Validating /home/ubuntu/catkin_ws/src/mavlink/message_definitions/v1.0/uAvionix.xml
Validating /home/ubuntu/catkin_ws/src/mavlink/message_definitions/v1.0/csAirLink.xml
Validating /home/ubuntu/catkin_ws/src/mavlink/message_definitions/v1.0/ualberta.xml
Validating /home/ubuntu/catkin_ws/src/mavlink/message_definitions/v1.0/paparazzi.xml
Validating /home/ubuntu/catkin_ws/src/mavlink/message_definitions/v1.0/ualberta.xml
Parsing /home/ubuntu/catkin_ws/src/mavlink/message_definitions/v1.0/csAirLink.xml
Parsing /home/ubuntu/catkin_ws/src/mavlink/message_definitions/v1.0/icarous.xml
Parsing /home/ubuntu/catkin_ws/src/mavlink/message_definitions/v1.0/cubepilot.xml
Parsing /home/ubuntu/catkin_ws/src/mavlink/message_definitions/v1.0/ualberta.xml
Found 0 MAVLink message types in 1 XML files
Parsing /home/ubuntu/catkin_ws/src/mavlink/message_definitions/v1.0/paparazzi.xml
Parsing /home/ubuntu/catkin_ws/src/mavlink/message_definitions/v1.0/uAvionix.xml
Parsing /home/ubuntu/catkin_ws/src/mavlink/message_definitions/v1.0/ualberta.xml
Found 0 MAVLink message types in 1 XML files
Parsing /home/ubuntu/catkin_ws/src/mavlink/message_definitions/v1.0/storm32.xml
Validating /home/ubuntu/catkin_ws/src/mavlink/message_definitions/v1.0/common.xml
Validating /home/ubuntu/catkin_ws/src/mavlink/message_definitions/v1.0/common.xml
Validating /home/ubuntu/catkin_ws/src/mavlink/message_definitions/v1.0/common.xml
Validating /home/ubuntu/catkin_ws/src/mavlink/message_definitions/v1.0/common.xml
Validating /home/ubuntu/catkin_ws/src/mavlink/message_definitions/v1.0/common.xml
Generating C implementation in directory include/v1.0/csAirLink
Generating C implementation in directory include/v1.0/icarous
Validating /home/ubuntu/catkin_ws/src/mavlink/message_definitions/v1.0/ardupilotmega.xml
Copying fixed headers for protocol 1.0 to include/v1.0
Copying fixed headers for protocol 1.0 to include/v1.0
Parsing /home/ubuntu/catkin_ws/src/mavlink/message_definitions/v1.0/ardupilotmega.xml
[ 26%] Built target csAirLink.xml-v1.0
[ 26%] Built target icarous.xml-v1.0
Parsing /home/ubuntu/catkin_ws/src/mavlink/message_definitions/v1.0/common.xml
Parsing /home/ubuntu/catkin_ws/src/mavlink/message_definitions/v1.0/common.xml
Parsing /home/ubuntu/catkin_ws/src/mavlink/message_definitions/v1.0/common.xml
Parsing /home/ubuntu/catkin_ws/src/mavlink/message_definitions/v1.0/common.xml
Parsing /home/ubuntu/catkin_ws/src/mavlink/message_definitions/v1.0/common.xml
Validating /home/ubuntu/catkin_ws/src/mavlink/message_definitions/v1.0/common.xml
[35m[1mScanning dependencies of target paparazzi.xml-v1.0[0m
[35m[1mScanning dependencies of target standard.xml-v1.0[0m
[ 33%] [34m[1mGenerating include/v1.0/paparazzi/paparazzi.h[0m
[ 33%] [34m[1mGenerating include/v1.0/standard/standard.h[0m
Parsing /home/ubuntu/catkin_ws/src/mavlink/message_definitions/v1.0/common.xml
Validating /home/ubuntu/catkin_ws/src/mavlink/message_definitions/v1.0/standard.xml
Validating /home/ubuntu/catkin_ws/src/mavlink/message_definitions/v1.0/paparazzi.xml
Parsing /home/ubuntu/catkin_ws/src/mavlink/message_definitions/v1.0/standard.xml
Validating /home/ubuntu/catkin_ws/src/mavlink/message_definitions/v1.0/standard.xml
Parsing /home/ubuntu/catkin_ws/src/mavlink/message_definitions/v1.0/paparazzi.xml
Parsing /home/ubuntu/catkin_ws/src/mavlink/message_definitions/v1.0/standard.xml
Validating /home/ubuntu/catkin_ws/src/mavlink/message_definitions/v1.0/minimal.xml
Validating /home/ubuntu/catkin_ws/src/mavlink/message_definitions/v1.0/minimal.xml
Validating /home/ubuntu/catkin_ws/src/mavlink/message_definitions/v1.0/common.xml
Parsing /home/ubuntu/catkin_ws/src/mavlink/message_definitions/v1.0/minimal.xml
Parsing /home/ubuntu/catkin_ws/src/mavlink/message_definitions/v1.0/minimal.xml
Found 1 MAVLink message types in 2 XML files
Generating C implementation in directory include/v1.0/standard
Generating C implementation in directory include/v1.0/minimal
Validating /home/ubuntu/catkin_ws/src/mavlink/message_definitions/v1.0/standard.xml
Parsing /home/ubuntu/catkin_ws/src/mavlink/message_definitions/v1.0/standard.xml
Validating /home/ubuntu/catkin_ws/src/mavlink/message_definitions/v1.0/minimal.xml
Found 142 MAVLink message types in 4 XML files
Generating C implementation in directory include/v1.0/uAvionix
Validating /home/ubuntu/catkin_ws/src/mavlink/message_definitions/v1.0/standard.xml
Parsing /home/ubuntu/catkin_ws/src/mavlink/message_definitions/v1.0/minimal.xml
Parsing /home/ubuntu/catkin_ws/src/mavlink/message_definitions/v1.0/standard.xml
Validating /home/ubuntu/catkin_ws/src/mavlink/message_definitions/v1.0/minimal.xml
Generating C implementation in directory include/v1.0/common
Parsing /home/ubuntu/catkin_ws/src/mavlink/message_definitions/v1.0/minimal.xml
Validating /home/ubuntu/catkin_ws/src/mavlink/message_definitions/v1.0/standard.xml
Parsing /home/ubuntu/catkin_ws/src/mavlink/message_definitions/v1.0/standard.xml
Validating /home/ubuntu/catkin_ws/src/mavlink/message_definitions/v1.0/minimal.xml
Copying fixed headers for protocol 1.0 to include/v1.0
Parsing /home/ubuntu/catkin_ws/src/mavlink/message_definitions/v1.0/minimal.xml
Validating /home/ubuntu/catkin_ws/src/mavlink/message_definitions/v1.0/standard.xml
Parsing /home/ubuntu/catkin_ws/src/mavlink/message_definitions/v1.0/standard.xml
Validating /home/ubuntu/catkin_ws/src/mavlink/message_definitions/v1.0/minimal.xml
Parsing /home/ubuntu/catkin_ws/src/mavlink/message_definitions/v1.0/minimal.xml
Found 226 MAVLink message types in 4 XML files
Found 224 MAVLink message types in 4 XML files
Validating /home/ubuntu/catkin_ws/src/mavlink/message_definitions/v1.0/uAvionix.xml
Found 145 MAVLink message types in 4 XML files
Generating C headers
Parsing /home/ubuntu/catkin_ws/src/mavlink/message_definitions/v1.0/uAvionix.xml
Generating C implementation in directory include/v1.0/ualberta
Generating C implementation in directory include/v2.0/cubepilot
Parsing /home/ubuntu/catkin_ws/src/mavlink/message_definitions/v1.0/common.xml
Validating /home/ubuntu/catkin_ws/src/mavlink/message_definitions/v1.0/icarous.xml
Generating C headers
Parsing /home/ubuntu/catkin_ws/src/mavlink/message_definitions/v1.0/icarous.xml
Generating C implementation in directory include/v2.0/ualberta
Validating /home/ubuntu/catkin_ws/src/mavlink/message_definitions/v1.0/cubepilot.xml
Parsing /home/ubuntu/catkin_ws/src/mavlink/message_definitions/v1.0/cubepilot.xml
Validating /home/ubuntu/catkin_ws/src/mavlink/message_definitions/v1.0/csAirLink.xml
Parsing /home/ubuntu/catkin_ws/src/mavlink/message_definitions/v1.0/csAirLink.xml
Validating /home/ubuntu/catkin_ws/src/mavlink/message_definitions/v1.0/standard.xml
Parsing /home/ubuntu/catkin_ws/src/mavlink/message_definitions/v1.0/standard.xml
Validating /home/ubuntu/catkin_ws/src/mavlink/message_definitions/v1.0/minimal.xml
Parsing /home/ubuntu/catkin_ws/src/mavlink/message_definitions/v1.0/minimal.xml
Generating C implementation in directory include/v1.0/common
Generating C implementation in directory include/v2.0/common
Generating C implementation in directory include/v2.0/common
Found 226 MAVLink message types in 4 XML files
[ 33%] Built target standard.xml-v1.0
Merged enum MAV_CMD
Generating C headers
Merged enum MAV_CMD
Generating C implementation in directory include/v2.0/paparazzi
Found 190 MAVLink message types in 9 XML files
Generating C implementation in directory include/v1.0/storm32
Generating C implementation in directory include/v2.0/common
[35m[1mScanning dependencies of target cubepilot.xml-v1.0[0m
Generating C implementation in directory include/v1.0/ardupilotmega
[ 36%] [34m[1mGenerating include/v1.0/cubepilot/cubepilot.h[0m
Validating /home/ubuntu/catkin_ws/src/mavlink/message_definitions/v1.0/cubepilot.xml
Validating /home/ubuntu/catkin_ws/src/mavlink/message_definitions/v1.0/standard.xml
Parsing /home/ubuntu/catkin_ws/src/mavlink/message_definitions/v1.0/standard.xml
Validating /home/ubuntu/catkin_ws/src/mavlink/message_definitions/v1.0/minimal.xml
Parsing /home/ubuntu/catkin_ws/src/mavlink/message_definitions/v1.0/cubepilot.xml
Validating /home/ubuntu/catkin_ws/src/mavlink/message_definitions/v1.0/common.xml
Parsing /home/ubuntu/catkin_ws/src/mavlink/message_definitions/v1.0/minimal.xml
Found 147 MAVLink message types in 4 XML files
Generating C implementation in directory include/v1.0/paparazzi
Generating C implementation in directory include/v1.0/common
Generating C implementation in directory include/v1.0/common
Parsing /home/ubuntu/catkin_ws/src/mavlink/message_definitions/v1.0/common.xml
Validating /home/ubuntu/catkin_ws/src/mavlink/message_definitions/v1.0/standard.xml
Parsing /home/ubuntu/catkin_ws/src/mavlink/message_definitions/v1.0/standard.xml
Validating /home/ubuntu/catkin_ws/src/mavlink/message_definitions/v1.0/minimal.xml
Parsing /home/ubuntu/catkin_ws/src/mavlink/message_definitions/v1.0/minimal.xml
Found 142 MAVLink message types in 4 XML files
Generating C implementation in directory include/v1.0/cubepilot
Generating C implementation in directory include/v1.0/common
Generating C implementation in directory include/v1.0/standard
Generating C implementation in directory include/v1.0/minimal
Generating C implementation in directory include/v1.0/standard
Copying fixed headers for protocol 1.0 to include/v1.0
Generating C implementation in directory include/v1.0/minimal
Copying fixed headers for protocol 1.0 to include/v1.0
[ 36%] Built target uAvionix.xml-v1.0
[ 36%] Built target ualberta.xml-v1.0
[35m[1mScanning dependencies of target uAvionix.xml-v2.0[0m
[35m[1mScanning dependencies of target all.xml-v1.0[0m
[ 40%] [34m[1mGenerating uAvionix-v2.0-cxx-stamp[0m
[ 43%] [34m[1mGenerating include/v1.0/all/all.h[0m
Generating C implementation in directory include/v1.0/uAvionix
Generating C implementation in directory include/v1.0/icarous
Generating C implementation in directory include/v1.0/cubepilot
Generating C implementation in directory include/v1.0/csAirLink
Generating C implementation in directory include/v1.0/standard
Generating C implementation in directory include/v1.0/standard
Generating C implementation in directory include/v1.0/minimal
Generating C implementation in directory include/v1.0/minimal
Validating /home/ubuntu/catkin_ws/src/mavlink/message_definitions/v1.0/uAvionix.xml
Parsing /home/ubuntu/catkin_ws/src/mavlink/message_definitions/v1.0/uAvionix.xml
Copying fixed headers for protocol 1.0 to include/v1.0
Copying fixed headers for protocol 1.0 to include/v1.0
Validating /home/ubuntu/catkin_ws/src/mavlink/message_definitions/v1.0/common.xml
Validating /home/ubuntu/catkin_ws/src/mavlink/message_definitions/v1.0/all.xml
Parsing /home/ubuntu/catkin_ws/src/mavlink/message_definitions/v1.0/all.xml
Validating /home/ubuntu/catkin_ws/src/mavlink/message_definitions/v1.0/ardupilotmega.xml
Parsing /home/ubuntu/catkin_ws/src/mavlink/message_definitions/v1.0/ardupilotmega.xml
[ 43%] Built target paparazzi.xml-v1.0
[ 43%] Built target storm32.xml-v1.0
Parsing /home/ubuntu/catkin_ws/src/mavlink/message_definitions/v1.0/common.xml
Validating /home/ubuntu/catkin_ws/src/mavlink/message_definitions/v1.0/ASLUAV.xml
Parsing /home/ubuntu/catkin_ws/src/mavlink/message_definitions/v1.0/ASLUAV.xml
Validating /home/ubuntu/catkin_ws/src/mavlink/message_definitions/v1.0/common.xml
[35m[1mScanning dependencies of target all.xml-v2.0[0m
[35m[1mScanning dependencies of target ardupilotmega.xml-v1.0[0m
[ 46%] [34m[1mGenerating all-v2.0-cxx-stamp[0m
[ 50%] Built target ardupilotmega.xml-v1.0
Parsing /home/ubuntu/catkin_ws/src/mavlink/message_definitions/v1.0/common.xml
[35m[1mScanning dependencies of target icarous.xml-v2.0[0m
[ 53%] [34m[1mGenerating icarous-v2.0-cxx-stamp[0m
Generating C implementation in directory include/v2.0/standard
Generating C implementation in directory include/v2.0/minimal
Generating C implementation in directory include/v2.0/standard
Generating C implementation in directory include/v2.0/minimal
Copying fixed headers for protocol 2.0 to include/v2.0
Generating C++ implementation in directory include/v2.0/cubepilot
Generating C++ implementation in directory include/v2.0/common
Copying fixed headers for protocol 2.0 to include/v2.0
Generating C++ implementation in directory include/v2.0/ualberta
Generating C++ implementation in directory include/v2.0/common
Validating /home/ubuntu/catkin_ws/src/mavlink/message_definitions/v1.0/all.xml
Parsing /home/ubuntu/catkin_ws/src/mavlink/message_definitions/v1.0/all.xml
Validating /home/ubuntu/catkin_ws/src/mavlink/message_definitions/v1.0/ardupilotmega.xml
Generating C implementation in directory include/v1.0/standard
Generating C implementation in directory include/v1.0/minimal
Parsing /home/ubuntu/catkin_ws/src/mavlink/message_definitions/v1.0/ardupilotmega.xml
Generating C implementation in directory include/v2.0/standard
Generating C implementation in directory include/v2.0/minimal
Copying fixed headers for protocol 1.0 to include/v1.0
Validating /home/ubuntu/catkin_ws/src/mavlink/message_definitions/v1.0/standard.xml
Copying fixed headers for protocol 2.0 to include/v2.0
Parsing /home/ubuntu/catkin_ws/src/mavlink/message_definitions/v1.0/standard.xml
Validating /home/ubuntu/catkin_ws/src/mavlink/message_definitions/v1.0/minimal.xml
Generating C++ implementation in directory include/v2.0/paparazzi
Parsing /home/ubuntu/catkin_ws/src/mavlink/message_definitions/v1.0/minimal.xml
Generating C++ implementation in directory include/v2.0/common
Validating /home/ubuntu/catkin_ws/src/mavlink/message_definitions/v1.0/icarous.xml
Parsing /home/ubuntu/catkin_ws/src/mavlink/message_definitions/v1.0/icarous.xml
Found 2 MAVLink message types in 1 XML files
Generating C headers
Generating C implementation in directory include/v2.0/icarous
Found 224 MAVLink message types in 4 XML files
Validating /home/ubuntu/catkin_ws/src/mavlink/message_definitions/v1.0/ASLUAV.xml
Parsing /home/ubuntu/catkin_ws/src/mavlink/message_definitions/v1.0/ASLUAV.xml
Generating C headers
Generating C implementation in directory include/v2.0/uAvionix
Copying fixed headers for protocol 2.0 to include/v2.0
Generating C++ implementation in directory include/v2.0/icarous
Copying fixed C++ headers for protocol 2.0 to include/v2.0
[ 53%] Built target cubepilot.xml-v1.0
Validating /home/ubuntu/catkin_ws/src/mavlink/message_definitions/v1.0/development.xml
Validating /home/ubuntu/catkin_ws/src/mavlink/message_definitions/v1.0/common.xml
Parsing /home/ubuntu/catkin_ws/src/mavlink/message_definitions/v1.0/development.xml
Validating /home/ubuntu/catkin_ws/src/mavlink/message_definitions/v1.0/icarous.xml
Generating C implementation in directory include/v2.0/common
Parsing /home/ubuntu/catkin_ws/src/mavlink/message_definitions/v1.0/icarous.xml
Validating /home/ubuntu/catkin_ws/src/mavlink/message_definitions/v1.0/minimal.xml
Parsing /home/ubuntu/catkin_ws/src/mavlink/message_definitions/v1.0/minimal.xml
[35m[1mScanning dependencies of target storm32.xml-v2.0[0m
Validating /home/ubuntu/catkin_ws/src/mavlink/message_definitions/v1.0/python_array_test.xml
Parsing /home/ubuntu/catkin_ws/src/mavlink/message_definitions/v1.0/python_array_test.xml
Validating /home/ubuntu/catkin_ws/src/mavlink/message_definitions/v1.0/standard.xml
Parsing /home/ubuntu/catkin_ws/src/mavlink/message_definitions/v1.0/standard.xml
Validating /home/ubuntu/catkin_ws/src/mavlink/message_definitions/v1.0/test.xml
Parsing /home/ubuntu/catkin_ws/src/mavlink/message_definitions/v1.0/test.xml
Validating /home/ubuntu/catkin_ws/src/mavlink/message_definitions/v1.0/ualberta.xml
Parsing /home/ubuntu/catkin_ws/src/mavlink/message_definitions/v1.0/ualberta.xml
Validating /home/ubuntu/catkin_ws/src/mavlink/message_definitions/v1.0/uAvionix.xml
Parsing /home/ubuntu/catkin_ws/src/mavlink/message_definitions/v1.0/uAvionix.xml
[ 53%] Built target icarous.xml-v2.0
Validating /home/ubuntu/catkin_ws/src/mavlink/message_definitions/v1.0/storm32.xml
Parsing /home/ubuntu/catkin_ws/src/mavlink/message_definitions/v1.0/storm32.xml
Validating /home/ubuntu/catkin_ws/src/mavlink/message_definitions/v1.0/AVSSUAS.xml
Parsing /home/ubuntu/catkin_ws/src/mavlink/message_definitions/v1.0/AVSSUAS.xml
Parsing /home/ubuntu/catkin_ws/src/mavlink/message_definitions/v1.0/common.xml
Validating /home/ubuntu/catkin_ws/src/mavlink/message_definitions/v1.0/cubepilot.xml
Parsing /home/ubuntu/catkin_ws/src/mavlink/message_definitions/v1.0/cubepilot.xml
Validating /home/ubuntu/catkin_ws/src/mavlink/message_definitions/v1.0/csAirLink.xml
[ 56%] [34m[1mGenerating storm32-v2.0-cxx-stamp[0m
Parsing /home/ubuntu/catkin_ws/src/mavlink/message_definitions/v1.0/csAirLink.xml
Merged enum MAV_CMD
Merged enum MAV_CMD
Merged enum MAV_CMD
Merged enum MAV_CMD
Merged enum MAV_CMD
Merged enum MAV_CMD
Found 196 MAVLink message types in 16 XML files
Generating C implementation in directory include/v1.0/all
[35m[1mScanning dependencies of target development.xml-v1.0[0m
Generating C implementation in directory include/v1.0/ardupilotmega
[ 60%] [34m[1mGenerating include/v1.0/development/development.h[0m
Validating /home/ubuntu/catkin_ws/src/mavlink/message_definitions/v1.0/storm32.xml
Parsing /home/ubuntu/catkin_ws/src/mavlink/message_definitions/v1.0/storm32.xml
Validating /home/ubuntu/catkin_ws/src/mavlink/message_definitions/v1.0/ardupilotmega.xml
Parsing /home/ubuntu/catkin_ws/src/mavlink/message_definitions/v1.0/ardupilotmega.xml
Generating C++ implementation in directory include/v2.0/standard
Generating C++ implementation in directory include/v2.0/standard
Generating C++ implementation in directory include/v2.0/minimal
Generating C++ implementation in directory include/v2.0/minimal
Copying fixed C++ headers for protocol 2.0 to include/v2.0
Copying fixed C++ headers for protocol 2.0 to include/v2.0
Validating /home/ubuntu/catkin_ws/src/mavlink/message_definitions/v1.0/development.xml
Parsing /home/ubuntu/catkin_ws/src/mavlink/message_definitions/v1.0/development.xml
Validating /home/ubuntu/catkin_ws/src/mavlink/message_definitions/v1.0/common.xml
Validating /home/ubuntu/catkin_ws/src/mavlink/message_definitions/v1.0/common.xml
Validating /home/ubuntu/catkin_ws/src/mavlink/message_definitions/v1.0/development.xml
Parsing /home/ubuntu/catkin_ws/src/mavlink/message_definitions/v1.0/development.xml
[ 60%] Built target cubepilot.xml-v2.0
Validating /home/ubuntu/catkin_ws/src/mavlink/message_definitions/v1.0/icarous.xml
Parsing /home/ubuntu/catkin_ws/src/mavlink/message_definitions/v1.0/icarous.xml
Validating /home/ubuntu/catkin_ws/src/mavlink/message_definitions/v1.0/minimal.xml
Parsing /home/ubuntu/catkin_ws/src/mavlink/message_definitions/v1.0/common.xml
Parsing /home/ubuntu/catkin_ws/src/mavlink/message_definitions/v1.0/minimal.xml
Generating C implementation in directory include/v1.0/ASLUAV
Generating C++ implementation in directory include/v2.0/standard
Generating C++ implementation in directory include/v2.0/minimal
[ 60%] Built target ualberta.xml-v2.0
Validating /home/ubuntu/catkin_ws/src/mavlink/message_definitions/v1.0/python_array_test.xml
Parsing /home/ubuntu/catkin_ws/src/mavlink/message_definitions/v1.0/python_array_test.xml
Validating /home/ubuntu/catkin_ws/src/mavlink/message_definitions/v1.0/standard.xml
Parsing /home/ubuntu/catkin_ws/src/mavlink/message_definitions/v1.0/standard.xml
Validating /home/ubuntu/catkin_ws/src/mavlink/message_definitions/v1.0/test.xml
Parsing /home/ubuntu/catkin_ws/src/mavlink/message_definitions/v1.0/test.xml
Validating /home/ubuntu/catkin_ws/src/mavlink/message_definitions/v1.0/ualberta.xml
Parsing /home/ubuntu/catkin_ws/src/mavlink/message_definitions/v1.0/ualberta.xml
Copying fixed C++ headers for protocol 2.0 to include/v2.0
Validating /home/ubuntu/catkin_ws/src/mavlink/message_definitions/v1.0/uAvionix.xml
Parsing /home/ubuntu/catkin_ws/src/mavlink/message_definitions/v1.0/common.xml
Parsing /home/ubuntu/catkin_ws/src/mavlink/message_definitions/v1.0/uAvionix.xml
Generating C implementation in directory include/v1.0/common
Validating /home/ubuntu/catkin_ws/src/mavlink/message_definitions/v1.0/storm32.xml
Parsing /home/ubuntu/catkin_ws/src/mavlink/message_definitions/v1.0/storm32.xml
[35m[1mScanning dependencies of target ASLUAV.xml-v1.0[0m
Validating /home/ubuntu/catkin_ws/src/mavlink/message_definitions/v1.0/AVSSUAS.xml
Parsing /home/ubuntu/catkin_ws/src/mavlink/message_definitions/v1.0/AVSSUAS.xml
Validating /home/ubuntu/catkin_ws/src/mavlink/message_definitions/v1.0/cubepilot.xml
Parsing /home/ubuntu/catkin_ws/src/mavlink/message_definitions/v1.0/cubepilot.xml
Validating /home/ubuntu/catkin_ws/src/mavlink/message_definitions/v1.0/csAirLink.xml
Parsing /home/ubuntu/catkin_ws/src/mavlink/message_definitions/v1.0/csAirLink.xml
Merged enum MAV_CMD
Merged enum MAV_CMD
Merged enum MAV_CMD
Merged enum MAV_CMD
Merged enum MAV_CMD
Merged enum MAV_CMD
[35m[1mScanning dependencies of target AVSSUAS.xml-v2.0[0m
[ 63%] Built target ASLUAV.xml-v1.0
Found 354 MAVLink message types in 16 XML files
Generating C headers
Generating C implementation in directory include/v2.0/all
[ 63%] Built target paparazzi.xml-v2.0
Generating C implementation in directory include/v2.0/ardupilotmega
[ 66%] [34m[1mGenerating AVSSUAS-v2.0-cxx-stamp[0m
[35m[1mScanning dependencies of target standard.xml-v2.0[0m
[35m[1mScanning dependencies of target common.xml-v1.0[0m
[ 70%] [34m[1mGenerating standard-v2.0-cxx-stamp[0m
[ 73%] Built target common.xml-v1.0
[35m[1mScanning dependencies of target ardupilotmega.xml-v2.0[0m
Validating /home/ubuntu/catkin_ws/src/mavlink/message_definitions/v1.0/standard.xml
Parsing /home/ubuntu/catkin_ws/src/mavlink/message_definitions/v1.0/standard.xml
Validating /home/ubuntu/catkin_ws/src/mavlink/message_definitions/v1.0/minimal.xml
Parsing /home/ubuntu/catkin_ws/src/mavlink/message_definitions/v1.0/minimal.xml
Merged enum MAV_CMD
Merged enum MAV_CMD
[ 76%] [34m[1mGenerating ardupilotmega-v2.0-cxx-stamp[0m
Found 143 MAVLink message types in 4 XML files
Generating C implementation in directory include/v1.0/development
Validating /home/ubuntu/catkin_ws/src/mavlink/message_definitions/v1.0/uAvionix.xml
Validating /home/ubuntu/catkin_ws/src/mavlink/message_definitions/v1.0/AVSSUAS.xml
Parsing /home/ubuntu/catkin_ws/src/mavlink/message_definitions/v1.0/uAvionix.xml
Parsing /home/ubuntu/catkin_ws/src/mavlink/message_definitions/v1.0/AVSSUAS.xml
Validating /home/ubuntu/catkin_ws/src/mavlink/message_definitions/v1.0/icarous.xml
Parsing /home/ubuntu/catkin_ws/src/mavlink/message_definitions/v1.0/icarous.xml
Validating /home/ubuntu/catkin_ws/src/mavlink/message_definitions/v1.0/cubepilot.xml
Validating /home/ubuntu/catkin_ws/src/mavlink/message_definitions/v1.0/standard.xml
Parsing /home/ubuntu/catkin_ws/src/mavlink/message_definitions/v1.0/cubepilot.xml
Validating /home/ubuntu/catkin_ws/src/mavlink/message_definitions/v1.0/common.xml
Validating /home/ubuntu/catkin_ws/src/mavlink/message_definitions/v1.0/csAirLink.xml
Parsing /home/ubuntu/catkin_ws/src/mavlink/message_definitions/v1.0/csAirLink.xml
Parsing /home/ubuntu/catkin_ws/src/mavlink/message_definitions/v1.0/standard.xml
Validating /home/ubuntu/catkin_ws/src/mavlink/message_definitions/v1.0/minimal.xml
Generating C implementation in directory include/v1.0/common
Validating /home/ubuntu/catkin_ws/src/mavlink/message_definitions/v1.0/standard.xml
Parsing /home/ubuntu/catkin_ws/src/mavlink/message_definitions/v1.0/standard.xml
Validating /home/ubuntu/catkin_ws/src/mavlink/message_definitions/v1.0/minimal.xml
Parsing /home/ubuntu/catkin_ws/src/mavlink/message_definitions/v1.0/minimal.xml
Parsing /home/ubuntu/catkin_ws/src/mavlink/message_definitions/v1.0/minimal.xml
Found 2 MAVLink message types in 2 XML files
Merged enum MAV_CMD
Merged enum MAV_CMD
Generating C headers
Generating C implementation in directory include/v2.0/standard
Generating C implementation in directory include/v2.0/minimal
Found 308 MAVLink message types in 9 XML files
Copying fixed headers for protocol 2.0 to include/v2.0
Generating C headers
Generating C implementation in directory include/v2.0/storm32
Generating C++ implementation in directory include/v2.0/standard
Generating C++ implementation in directory include/v2.0/minimal
Parsing /home/ubuntu/catkin_ws/src/mavlink/message_definitions/v1.0/common.xml
Copying fixed C++ headers for protocol 2.0 to include/v2.0
[ 76%] Built target standard.xml-v2.0
Validating /home/ubuntu/catkin_ws/src/mavlink/message_definitions/v1.0/ardupilotmega.xml
Generating C implementation in directory include/v2.0/ardupilotmega
Parsing /home/ubuntu/catkin_ws/src/mavlink/message_definitions/v1.0/ardupilotmega.xml
Generating C implementation in directory include/v2.0/ASLUAV
[35m[1mScanning dependencies of target ASLUAV.xml-v2.0[0m
[ 80%] [34m[1mGenerating ASLUAV-v2.0-cxx-stamp[0m
Validating /home/ubuntu/catkin_ws/src/mavlink/message_definitions/v1.0/common.xml
Parsing /home/ubuntu/catkin_ws/src/mavlink/message_definitions/v1.0/common.xml
Generating C implementation in directory include/v2.0/common
Validating /home/ubuntu/catkin_ws/src/mavlink/message_definitions/v1.0/standard.xml
Parsing /home/ubuntu/catkin_ws/src/mavlink/message_definitions/v1.0/standard.xml
Validating /home/ubuntu/catkin_ws/src/mavlink/message_definitions/v1.0/minimal.xml
Parsing /home/ubuntu/catkin_ws/src/mavlink/message_definitions/v1.0/minimal.xml
Validating /home/ubuntu/catkin_ws/src/mavlink/message_definitions/v1.0/ASLUAV.xml
Merged enum MAV_CMD
Parsing /home/ubuntu/catkin_ws/src/mavlink/message_definitions/v1.0/ASLUAV.xml
Found 225 MAVLink message types in 4 XML files
Generating C headers
Generating C implementation in directory include/v2.0/AVSSUAS
Validating /home/ubuntu/catkin_ws/src/mavlink/message_definitions/v1.0/common.xml
Generating C implementation in directory include/v2.0/common
Parsing /home/ubuntu/catkin_ws/src/mavlink/message_definitions/v1.0/common.xml
Generating C implementation in directory include/v2.0/common
Validating /home/ubuntu/catkin_ws/src/mavlink/message_definitions/v1.0/uAvionix.xml
Parsing /home/ubuntu/catkin_ws/src/mavlink/message_definitions/v1.0/uAvionix.xml
Validating /home/ubuntu/catkin_ws/src/mavlink/message_definitions/v1.0/icarous.xml
Parsing /home/ubuntu/catkin_ws/src/mavlink/message_definitions/v1.0/icarous.xml
Validating /home/ubuntu/catkin_ws/src/mavlink/message_definitions/v1.0/cubepilot.xml
Parsing /home/ubuntu/catkin_ws/src/mavlink/message_definitions/v1.0/cubepilot.xml
Validating /home/ubuntu/catkin_ws/src/mavlink/message_definitions/v1.0/csAirLink.xml
Parsing /home/ubuntu/catkin_ws/src/mavlink/message_definitions/v1.0/csAirLink.xml
Validating /home/ubuntu/catkin_ws/src/mavlink/message_definitions/v1.0/standard.xml
Parsing /home/ubuntu/catkin_ws/src/mavlink/message_definitions/v1.0/standard.xml
Validating /home/ubuntu/catkin_ws/src/mavlink/message_definitions/v1.0/minimal.xml
Parsing /home/ubuntu/catkin_ws/src/mavlink/message_definitions/v1.0/minimal.xml
Merged enum MAV_CMD
Generating C implementation in directory include/v1.0/development
Generating C implementation in directory include/v1.0/icarous
Generating C implementation in directory include/v1.0/minimal
Found 298 MAVLink message types in 8 XML files
Generating C headers
Generating C implementation in directory include/v2.0/ardupilotmega
Generating C implementation in directory include/v1.0/python_array_test
Generating C implementation in directory include/v1.0/standard
Generating C implementation in directory include/v1.0/test
Generating C implementation in directory include/v1.0/ualberta
Generating C implementation in directory include/v1.0/uAvionix
Generating C implementation in directory include/v1.0/storm32
Generating C implementation in directory include/v1.0/AVSSUAS
Generating C implementation in directory include/v1.0/cubepilot
Generating C implementation in directory include/v1.0/csAirLink
Copying fixed headers for protocol 1.0 to include/v1.0
Validating /home/ubuntu/catkin_ws/src/mavlink/message_definitions/v1.0/standard.xml
Parsing /home/ubuntu/catkin_ws/src/mavlink/message_definitions/v1.0/standard.xml
Validating /home/ubuntu/catkin_ws/src/mavlink/message_definitions/v1.0/minimal.xml
Parsing /home/ubuntu/catkin_ws/src/mavlink/message_definitions/v1.0/minimal.xml
Merged enum MAV_CMD
Generating C implementation in directory include/v2.0/standard
Generating C implementation in directory include/v2.0/minimal
Found 238 MAVLink message types in 4 XML files
Generating C headers
Generating C implementation in directory include/v2.0/ASLUAV
Copying fixed headers for protocol 2.0 to include/v2.0
Generating C++ implementation in directory include/v2.0/uAvionix
[ 80%] Built target all.xml-v1.0
Generating C++ implementation in directory include/v2.0/common
[35m[1mScanning dependencies of target csAirLink.xml-v2.0[0m
[ 83%] [34m[1mGenerating csAirLink-v2.0-cxx-stamp[0m
Generating C implementation in directory include/v2.0/common
Generating C implementation in directory include/v1.0/standard
Generating C implementation in directory include/v1.0/minimal
Copying fixed headers for protocol 1.0 to include/v1.0
Validating /home/ubuntu/catkin_ws/src/mavlink/message_definitions/v1.0/csAirLink.xml
Parsing /home/ubuntu/catkin_ws/src/mavlink/message_definitions/v1.0/csAirLink.xml
Found 2 MAVLink message types in 1 XML files
Generating C implementation in directory include/v2.0/common
Generating C headers
Generating C implementation in directory include/v2.0/csAirLink
Copying fixed headers for protocol 2.0 to include/v2.0
Generating C++ implementation in directory include/v2.0/csAirLink
Copying fixed C++ headers for protocol 2.0 to include/v2.0
[ 83%] Built target development.xml-v1.0
[ 83%] Built target csAirLink.xml-v2.0
[35m[1mScanning dependencies of target matrixpilot.xml-v1.0[0m
[35m[1mScanning dependencies of target AVSSUAS.xml-v1.0[0m
[ 90%] Built target AVSSUAS.xml-v1.0
[ 90%] [34m[1mGenerating include/v1.0/matrixpilot/matrixpilot.h[0m
[35m[1mScanning dependencies of target development.xml-v2.0[0m
Generating C++ implementation in directory include/v2.0/standard
Generating C++ implementation in directory include/v2.0/minimal
Copying fixed C++ headers for protocol 2.0 to include/v2.0
[ 93%] [34m[1mGenerating development-v2.0-cxx-stamp[0m
[ 93%] Built target uAvionix.xml-v2.0
Validating /home/ubuntu/catkin_ws/src/mavlink/message_definitions/v1.0/matrixpilot.xml
[35m[1mScanning dependencies of target matrixpilot.xml-v2.0[0m
Parsing /home/ubuntu/catkin_ws/src/mavlink/message_definitions/v1.0/matrixpilot.xml
Validating /home/ubuntu/catkin_ws/src/mavlink/message_definitions/v1.0/common.xml
[ 96%] [34m[1mGenerating matrixpilot-v2.0-cxx-stamp[0m
Validating /home/ubuntu/catkin_ws/src/mavlink/message_definitions/v1.0/development.xml
Parsing /home/ubuntu/catkin_ws/src/mavlink/message_definitions/v1.0/common.xml
Parsing /home/ubuntu/catkin_ws/src/mavlink/message_definitions/v1.0/development.xml
Validating /home/ubuntu/catkin_ws/src/mavlink/message_definitions/v1.0/common.xml
Parsing /home/ubuntu/catkin_ws/src/mavlink/message_definitions/v1.0/common.xml
Validating /home/ubuntu/catkin_ws/src/mavlink/message_definitions/v1.0/matrixpilot.xml
Parsing /home/ubuntu/catkin_ws/src/mavlink/message_definitions/v1.0/matrixpilot.xml
Validating /home/ubuntu/catkin_ws/src/mavlink/message_definitions/v1.0/common.xml
Parsing /home/ubuntu/catkin_ws/src/mavlink/message_definitions/v1.0/common.xml
Validating /home/ubuntu/catkin_ws/src/mavlink/message_definitions/v1.0/standard.xml
Parsing /home/ubuntu/catkin_ws/src/mavlink/message_definitions/v1.0/standard.xml
Validating /home/ubuntu/catkin_ws/src/mavlink/message_definitions/v1.0/minimal.xml
Parsing /home/ubuntu/catkin_ws/src/mavlink/message_definitions/v1.0/minimal.xml
Merged enum MAV_CMD
Found 169 MAVLink message types in 4 XML files
Generating C implementation in directory include/v1.0/matrixpilot
Generating C implementation in directory include/v2.0/development
Validating /home/ubuntu/catkin_ws/src/mavlink/message_definitions/v1.0/standard.xml
Parsing /home/ubuntu/catkin_ws/src/mavlink/message_definitions/v1.0/standard.xml
Validating /home/ubuntu/catkin_ws/src/mavlink/message_definitions/v1.0/minimal.xml
Parsing /home/ubuntu/catkin_ws/src/mavlink/message_definitions/v1.0/minimal.xml
Merged enum MAV_CMD
Merged enum MAV_CMD
Found 234 MAVLink message types in 4 XML files
Generating C headers
Generating C implementation in directory include/v2.0/development
Generating C implementation in directory include/v2.0/icarous
Validating /home/ubuntu/catkin_ws/src/mavlink/message_definitions/v1.0/standard.xml
Parsing /home/ubuntu/catkin_ws/src/mavlink/message_definitions/v1.0/standard.xml
Validating /home/ubuntu/catkin_ws/src/mavlink/message_definitions/v1.0/minimal.xml
Parsing /home/ubuntu/catkin_ws/src/mavlink/message_definitions/v1.0/minimal.xml
Generating C implementation in directory include/v2.0/minimal
Generating C implementation in directory include/v1.0/common
Merged enum MAV_CMD
Generating C implementation in directory include/v2.0/python_array_test
Found 248 MAVLink message types in 4 XML files
Generating C headers
Generating C implementation in directory include/v2.0/matrixpilot
Generating C implementation in directory include/v2.0/standard
Generating C implementation in directory include/v2.0/test
Generating C implementation in directory include/v2.0/common
Generating C implementation in directory include/v2.0/ualberta
Generating C implementation in directory include/v2.0/standard
Generating C implementation in directory include/v2.0/minimal
Generating C implementation in directory include/v2.0/uAvionix
Generating C implementation in directory include/v2.0/uAvionix
Generating C implementation in directory include/v2.0/icarous
Generating C implementation in directory include/v2.0/storm32
Copying fixed headers for protocol 2.0 to include/v2.0
Generating C implementation in directory include/v2.0/cubepilot
Generating C++ implementation in directory include/v2.0/AVSSUAS
Generating C implementation in directory include/v2.0/csAirLink
Generating C implementation in directory include/v2.0/standard
Generating C implementation in directory include/v2.0/minimal
Generating C++ implementation in directory include/v2.0/common
Copying fixed headers for protocol 2.0 to include/v2.0
Generating C++ implementation in directory include/v2.0/storm32
Generating C implementation in directory include/v2.0/AVSSUAS
Generating C implementation in directory include/v2.0/common
Generating C++ implementation in directory include/v2.0/ardupilotmega
Generating C implementation in directory include/v2.0/cubepilot
Generating C implementation in directory include/v2.0/csAirLink
Copying fixed headers for protocol 2.0 to include/v2.0
Generating C++ implementation in directory include/v2.0/all
Generating C++ implementation in directory include/v2.0/ardupilotmega
Generating C++ implementation in directory include/v2.0/common
Generating C++ implementation in directory include/v2.0/ASLUAV
Generating C++ implementation in directory include/v2.0/common
Generating C implementation in directory include/v2.0/standard
Generating C implementation in directory include/v2.0/minimal
Copying fixed headers for protocol 2.0 to include/v2.0
Generating C++ implementation in directory include/v2.0/ASLUAV
Generating C implementation in directory include/v2.0/uAvionix
Generating C++ implementation in directory include/v2.0/standard
Generating C++ implementation in directory include/v2.0/minimal
Copying fixed C++ headers for protocol 2.0 to include/v2.0
Generating C implementation in directory include/v2.0/icarous
Generating C implementation in directory include/v2.0/cubepilot
Generating C++ implementation in directory include/v2.0/common
Generating C++ implementation in directory include/v2.0/uAvionix
Generating C++ implementation in directory include/v2.0/icarous
Generating C++ implementation in directory include/v2.0/cubepilot
Generating C implementation in directory include/v2.0/csAirLink
Generating C++ implementation in directory include/v2.0/csAirLink
Generating C++ implementation in directory include/v2.0/standard
Generating C++ implementation in directory include/v2.0/minimal
Generating C implementation in directory include/v2.0/standard
Generating C implementation in directory include/v2.0/minimal
Copying fixed C++ headers for protocol 2.0 to include/v2.0
[ 96%] Built target AVSSUAS.xml-v2.0
Copying fixed headers for protocol 2.0 to include/v2.0
Generating C++ implementation in directory include/v2.0/ardupilotmega
[ 96%] Built target storm32.xml-v2.0
Generating C++ implementation in directory include/v2.0/common
Generating C++ implementation in directory include/v2.0/development
Generating C++ implementation in directory include/v2.0/icarous
Generating C++ implementation in directory include/v2.0/minimal
Generating C++ implementation in directory include/v2.0/python_array_test
Generating C implementation in directory include/v1.0/standard
Generating C++ implementation in directory include/v2.0/standard
Generating C++ implementation in directory include/v2.0/test
Generating C implementation in directory include/v1.0/minimal
Generating C++ implementation in directory include/v2.0/ualberta
Generating C++ implementation in directory include/v2.0/uAvionix
Copying fixed headers for protocol 1.0 to include/v1.0
Generating C++ implementation in directory include/v2.0/storm32
Generating C++ implementation in directory include/v2.0/AVSSUAS
Generating C++ implementation in directory include/v2.0/cubepilot
Generating C++ implementation in directory include/v2.0/csAirLink
Copying fixed C++ headers for protocol 2.0 to include/v2.0
[ 96%] Built target matrixpilot.xml-v1.0
Generating C++ implementation in directory include/v2.0/standard
Generating C++ implementation in directory include/v2.0/minimal
[ 96%] Built target all.xml-v2.0
Copying fixed C++ headers for protocol 2.0 to include/v2.0
[ 96%] Built target ASLUAV.xml-v2.0
Generating C++ implementation in directory include/v2.0/uAvionix
Generating C++ implementation in directory include/v2.0/icarous
Generating C++ implementation in directory include/v2.0/cubepilot
Generating C++ implementation in directory include/v2.0/csAirLink
Generating C++ implementation in directory include/v2.0/standard
Generating C++ implementation in directory include/v2.0/minimal
Copying fixed C++ headers for protocol 2.0 to include/v2.0
[ 96%] Built target ardupilotmega.xml-v2.0
Generating C implementation in directory include/v2.0/standard
Generating C implementation in directory include/v2.0/minimal
Copying fixed headers for protocol 2.0 to include/v2.0
Generating C++ implementation in directory include/v2.0/development
Generating C++ implementation in directory include/v2.0/common
Generating C implementation in directory include/v2.0/standard
Generating C implementation in directory include/v2.0/minimal
Copying fixed headers for protocol 2.0 to include/v2.0
Generating C++ implementation in directory include/v2.0/matrixpilot
Generating C++ implementation in directory include/v2.0/common
Generating C++ implementation in directory include/v2.0/standard
Generating C++ implementation in directory include/v2.0/minimal
Copying fixed C++ headers for protocol 2.0 to include/v2.0
[ 96%] Built target development.xml-v2.0
Generating C++ implementation in directory include/v2.0/standard
Generating C++ implementation in directory include/v2.0/minimal
Copying fixed C++ headers for protocol 2.0 to include/v2.0
[ 96%] Built target matrixpilot.xml-v2.0
[35m[1mScanning dependencies of target common.xml-v2.0[0m
[100%] [34m[1mGenerating common-v2.0-cxx-stamp[0m
Validating /home/ubuntu/catkin_ws/src/mavlink/message_definitions/v1.0/common.xml
Parsing /home/ubuntu/catkin_ws/src/mavlink/message_definitions/v1.0/common.xml
Validating /home/ubuntu/catkin_ws/src/mavlink/message_definitions/v1.0/standard.xml
Parsing /home/ubuntu/catkin_ws/src/mavlink/message_definitions/v1.0/standard.xml
Validating /home/ubuntu/catkin_ws/src/mavlink/message_definitions/v1.0/minimal.xml
Parsing /home/ubuntu/catkin_ws/src/mavlink/message_definitions/v1.0/minimal.xml
Found 221 MAVLink message types in 3 XML files
Generating C headers
Generating C implementation in directory include/v2.0/common
Generating C implementation in directory include/v2.0/standard
Generating C implementation in directory include/v2.0/minimal
Copying fixed headers for protocol 2.0 to include/v2.0
Generating C++ implementation in directory include/v2.0/common
Generating C++ implementation in directory include/v2.0/standard
Generating C++ implementation in directory include/v2.0/minimal
Copying fixed C++ headers for protocol 2.0 to include/v2.0
[100%] Built target common.xml-v2.0
